<?xml version="1.0" encoding="UTF-8"?>
<testng-results ignored="0" total="2" passed="2" failed="0" skipped="0">
  <reporter-output>
  </reporter-output>
  <suite started-at="2024-02-09T13:15:21 IST" name="Default suite" finished-at="2024-02-09T13:15:52 IST" duration-ms="31135">
    <groups>
    </groups>
    <test started-at="2024-02-09T13:15:21 IST" name="Default test" finished-at="2024-02-09T13:15:52 IST" duration-ms="31135">
      <class name="datadriven.CrossBrowserTestingExample">
        <test-method is-config="true" signature="setUp()[pri:0, instance:datadriven.CrossBrowserTestingExample@60bd273d]" started-at="2024-02-09T13:15:21 IST" name="setUp" finished-at="2024-02-09T13:15:21 IST" duration-ms="8" status="PASS">
          <reporter-output>
          </reporter-output>
        </test-method> <!-- setUp -->
        <test-method signature="testEdgeBrowser()[pri:0, instance:datadriven.CrossBrowserTestingExample@60bd273d]" started-at="2024-02-09T13:15:21 IST" name="testEdgeBrowser" finished-at="2024-02-09T13:15:38 IST" duration-ms="17002" status="PASS">
          <reporter-output>
          </reporter-output>
        </test-method> <!-- testEdgeBrowser -->
        <test-method is-config="true" signature="tearDown()[pri:0, instance:datadriven.CrossBrowserTestingExample@60bd273d]" started-at="2024-02-09T13:15:38 IST" name="tearDown" finished-at="2024-02-09T13:15:38 IST" duration-ms="1" status="PASS">
          <reporter-output>
          </reporter-output>
        </test-method> <!-- tearDown -->
        <test-method is-config="true" signature="setUp()[pri:0, instance:datadriven.CrossBrowserTestingExample@60bd273d]" started-at="2024-02-09T13:15:38 IST" name="setUp" finished-at="2024-02-09T13:15:38 IST" duration-ms="0" status="PASS">
          <reporter-output>
          </reporter-output>
        </test-method> <!-- setUp -->
        <test-method signature="testLoginChrome()[pri:0, instance:datadriven.CrossBrowserTestingExample@60bd273d]" started-at="2024-02-09T13:15:38 IST" name="testLoginChrome" finished-at="2024-02-09T13:15:52 IST" duration-ms="14063" status="PASS">
          <reporter-output>
          </reporter-output>
        </test-method> <!-- testLoginChrome -->
        <test-method is-config="true" signature="tearDown()[pri:0, instance:datadriven.CrossBrowserTestingExample@60bd273d]" started-at="2024-02-09T13:15:52 IST" name="tearDown" finished-at="2024-02-09T13:15:52 IST" duration-ms="1" status="PASS">
          <reporter-output>
          </reporter-output>
        </test-method> <!-- tearDown -->
      </class> <!-- datadriven.CrossBrowserTestingExample -->
    </test> <!-- Default test -->
  </suite> <!-- Default suite -->
</testng-results>
